=== CHUNK 0 ===
File: apps_all | Lines:    49126 | Size: 2248065 bytes

=== CHUNK 1 ===
File: apps_user | Lines:        7 | Size: 918 bytes

=== CHUNK 2 ===
File: device_info | Lines:       93 | Size: 4186 bytes

=== CHUNK 3 ===
File: profiles | Lines:       23 | Size: 1577 bytes

=== CHUNK 4 ===
File: CommCenter_index | Lines:       25 | Size: 1912 bytes

=== CHUNK 5 ===
File: forceReset_index | Lines:       13 | Size: 1136 bytes

=== CHUNK 6 ===
File: LowBatteryLog_index | Lines:        3 | Size: 237 bytes

=== CHUNK 7 ===
File: MobilePhone_index | Lines:        1 | Size: 77 bytes

=== CHUNK 8 ===
File: Preferences_index | Lines:        6 | Size: 470 bytes

=== CHUNK 9 ===
File: ResetCounter_index | Lines:       21 | Size: 1596 bytes

=== CHUNK 10 ===
File: SiriSearchFeedback_index | Lines:       25 | Size: 2054 bytes

=== CHUNK 11 ===
File: stacks_index | Lines:       50 | Size: 3667 bytes

=== CHUNK 12 ===
File: JetsamEvent_index | Lines:        3 | Size: 234 bytes

=== CHUNK 13 ===
File: forceReset_timeline | Lines:        1 | Size: 26 bytes

=== CHUNK 14 ===
File: sysdiagnose_missing | Lines:        1 | Size: 32 bytes

=== CHUNK 15 ===
File: unified_missing | Lines:        1 | Size: 40 bytes

=== CHUNK 16 ===
File: spotlight_dir_missing | Lines:        1 | Size: 42 bytes

=== CHUNK 17 ===
File: retired_listing | Lines:        1 | Size: 18 bytes

=== CHUNK 18 ===
File: backup_missing | Lines:        1 | Size: 41 bytes

=== CHUNK 19 ===
File: speechlogs_missing | Lines:        1 | Size: 41 bytes

=== CHUNK 20 ===
File: cloud_missing | Lines:        1 | Size: 26 bytes

=== CHUNK 21 ===
File: commscenter_full_index | Lines:       25 | Size: 1912 bytes

=== CHUNK 22 ===
File: retired_census | Lines:        1 | Size: 16 bytes

=== CHUNK 0 ===
File: apps_all | Lines:    49126 | Size: 2248065 bytes

=== CHUNK 1 ===
File: apps_user | Lines:        7 | Size: 918 bytes

=== CHUNK 2 ===
File: device_info | Lines:       93 | Size: 4186 bytes

=== CHUNK 3 ===
File: profiles | Lines:       23 | Size: 1577 bytes

=== CHUNK 4 ===
File: CommCenter_index | Lines:       25 | Size: 1912 bytes

=== CHUNK 5 ===
File: forceReset_index | Lines:       13 | Size: 1136 bytes

=== CHUNK 6 ===
File: LowBatteryLog_index | Lines:        3 | Size: 237 bytes

=== CHUNK 7 ===
File: MobilePhone_index | Lines:        1 | Size: 77 bytes

=== CHUNK 8 ===
File: Preferences_index | Lines:        6 | Size: 470 bytes

=== CHUNK 9 ===
File: ResetCounter_index | Lines:       21 | Size: 1596 bytes

=== CHUNK 10 ===
File: SiriSearchFeedback_index | Lines:       25 | Size: 2054 bytes

=== CHUNK 11 ===
File: stacks_index | Lines:       50 | Size: 3667 bytes

=== CHUNK 12 ===
File: JetsamEvent_index | Lines:        3 | Size: 234 bytes

=== CHUNK 13 ===
File: forceReset_timeline | Lines:        1 | Size: 26 bytes

=== CHUNK 14 ===
File: sysdiagnose_missing | Lines:        1 | Size: 32 bytes

=== CHUNK 15 ===
File: unified_missing | Lines:        1 | Size: 40 bytes

=== CHUNK 16 ===
File: spotlight_dir_missing | Lines:        1 | Size: 42 bytes

=== CHUNK 17 ===
File: retired_listing | Lines:        1 | Size: 18 bytes

=== CHUNK 18 ===
File: backup_missing | Lines:        1 | Size: 41 bytes

=== CHUNK 19 ===
File: speechlogs_missing | Lines:        1 | Size: 41 bytes

=== CHUNK 20 ===
File: cloud_missing | Lines:        1 | Size: 26 bytes

=== CHUNK 21 ===
File: commscenter_full_index | Lines:       25 | Size: 1912 bytes

=== CHUNK 22 ===
File: retired_census | Lines:        1 | Size: 16 bytes

